<?xml version="1.0" encoding="UTF-8"?>
<!-- Generated by org.testng.reporters.JUnitXMLReporter -->
<testsuite hostname="01HW1740285" tests="4" failures="0" timestamp="31 May 2023 15:56:22 GMT" time="0.058" errors="0">
  <testcase name="StreamDemo" time="0.037" classname="DummySection14"/>
  <testcase name="streamLength" time="0.002" classname="DummySection14"/>
  <testcase name="streamList" time="0.006" classname="DummySection14"/>
  <testcase name="streamOne" time="0.002" classname="DummySection14"/>
</testsuite>
