<?xml version="1.0" encoding="UTF-8"?>
<!-- Generated by org.testng.reporters.JUnitXMLReporter -->
<testsuite ignored="0" hostname="DESKTOP-MR4E6NK" failures="0" tests="4" name="Test" time="0.064" errors="0" timestamp="2023-07-11T23:32:57 IST">
  <testcase classname="DummySection14" name="StreamDemo" time="0.009"/>
  <testcase classname="DummySection14" name="streamLength" time="0.002"/>
  <testcase classname="DummySection14" name="streamList" time="0.006"/>
  <testcase classname="DummySection14" name="streamOne" time="0.011"/>
</testsuite> <!-- Test -->
