<?xml version="1.0" encoding="UTF-8"?>
<!-- Generated by org.testng.reporters.JUnitXMLReporter -->
<testsuite ignored="0" hostname="DESKTOP-O949GMR" failures="0" tests="4" name="Test" time="0.078" errors="0" timestamp="2023-10-30T20:15:02 IST">
  <testcase classname="DummySection14" name="StreamDemo" time="0.009"/>
  <testcase classname="DummySection14" name="streamLength" time="0.003"/>
  <testcase classname="DummySection14" name="streamList" time="0.008"/>
  <testcase classname="DummySection14" name="streamOne" time="0.007"/>
</testsuite> <!-- Test -->
