<?xml version="1.0" encoding="UTF-8"?>
<testng-results ignored="0" total="6" passed="6" failed="0" skipped="0">
  <reporter-output>
  </reporter-output>
  <suite started-at="2023-07-13T22:16:20 IST" name="Suite" finished-at="2023-07-13T22:17:00 IST" duration-ms="40065">
    <groups>
    </groups>
    <test started-at="2023-07-13T22:16:20 IST" name="Test-2" finished-at="2023-07-13T22:16:28 IST" duration-ms="8008">
      <class name="DummySection31">
        <test-method signature="titleCheck()[pri:0, instance:DummySection31@76c7beb3]" started-at="2023-07-13T22:16:20 IST" name="titleCheck" finished-at="2023-07-13T22:16:28 IST" duration-ms="7881" status="PASS">
          <reporter-output>
          </reporter-output>
        </test-method> <!-- titleCheck -->
      </class> <!-- DummySection31 -->
    </test> <!-- Test-2 -->
    <test started-at="2023-07-13T22:16:20 IST" name="Test-0" finished-at="2023-07-13T22:16:34 IST" duration-ms="14244">
      <class name="DummySection31">
        <test-method signature="titleCheck()[pri:0, instance:DummySection31@7a7471ce]" started-at="2023-07-13T22:16:20 IST" name="titleCheck" finished-at="2023-07-13T22:16:33 IST" duration-ms="12718" status="PASS">
          <reporter-output>
          </reporter-output>
        </test-method> <!-- titleCheck -->
      </class> <!-- DummySection31 -->
    </test> <!-- Test-0 -->
    <test started-at="2023-07-13T22:16:30 IST" name="TestGoogleMaps-0" finished-at="2023-07-13T22:16:41 IST" duration-ms="11477">
      <class name="DummySection31Part2">
        <test-method signature="titleCheckGoogleMap()[pri:0, instance:DummySection31Part2@611df6e3]" started-at="2023-07-13T22:16:30 IST" name="titleCheckGoogleMap" finished-at="2023-07-13T22:16:40 IST" duration-ms="10235" status="PASS">
          <reporter-output>
          </reporter-output>
        </test-method> <!-- titleCheckGoogleMap -->
      </class> <!-- DummySection31Part2 -->
    </test> <!-- TestGoogleMaps-0 -->
    <test started-at="2023-07-13T22:16:20 IST" name="Test-1" finished-at="2023-07-13T22:16:43 IST" duration-ms="22811">
      <class name="DummySection31">
        <test-method signature="titleCheck()[pri:0, instance:DummySection31@756cf158]" started-at="2023-07-13T22:16:20 IST" name="titleCheck" finished-at="2023-07-13T22:16:41 IST" duration-ms="21571" status="PASS">
          <reporter-output>
          </reporter-output>
        </test-method> <!-- titleCheck -->
      </class> <!-- DummySection31 -->
    </test> <!-- Test-1 -->
    <test started-at="2023-07-13T22:16:43 IST" name="TestGoogleMaps-2" finished-at="2023-07-13T22:16:59 IST" duration-ms="16055">
      <class name="DummySection31Part2">
        <test-method signature="titleCheckGoogleMap()[pri:0, instance:DummySection31Part2@117e0fe5]" started-at="2023-07-13T22:16:43 IST" name="titleCheckGoogleMap" finished-at="2023-07-13T22:16:59 IST" duration-ms="15871" status="PASS">
          <reporter-output>
          </reporter-output>
        </test-method> <!-- titleCheckGoogleMap -->
      </class> <!-- DummySection31Part2 -->
    </test> <!-- TestGoogleMaps-2 -->
    <test started-at="2023-07-13T22:16:36 IST" name="TestGoogleMaps-1" finished-at="2023-07-13T22:17:00 IST" duration-ms="23698">
      <class name="DummySection31Part2">
        <test-method signature="titleCheckGoogleMap()[pri:0, instance:DummySection31Part2@53e211ee]" started-at="2023-07-13T22:16:36 IST" name="titleCheckGoogleMap" finished-at="2023-07-13T22:16:58 IST" duration-ms="22220" status="PASS">
          <reporter-output>
          </reporter-output>
        </test-method> <!-- titleCheckGoogleMap -->
      </class> <!-- DummySection31Part2 -->
    </test> <!-- TestGoogleMaps-1 -->
  </suite> <!-- Suite -->
</testng-results>
