<?xml version="1.0" encoding="UTF-8"?>
<testng-results ignored="0" total="4" passed="4" failed="0" skipped="0">
  <reporter-output>
  </reporter-output>
  <suite started-at="2023-07-11T23:32:56 IST" name="Suite" finished-at="2023-07-11T23:32:56 IST" duration-ms="64">
    <groups>
    </groups>
    <test started-at="2023-07-11T23:32:56 IST" name="Test" finished-at="2023-07-11T23:32:56 IST" duration-ms="64">
      <class name="DummySection14">
        <test-method signature="StreamDemo()[pri:0, instance:DummySection14@1dde4cb2]" started-at="2023-07-11T23:32:56 IST" name="StreamDemo" finished-at="2023-07-11T23:32:56 IST" duration-ms="9" status="PASS">
          <reporter-output>
          </reporter-output>
        </test-method> <!-- StreamDemo -->
        <test-method signature="streamLength()[pri:0, instance:DummySection14@1dde4cb2]" started-at="2023-07-11T23:32:56 IST" name="streamLength" finished-at="2023-07-11T23:32:56 IST" duration-ms="2" status="PASS">
          <reporter-output>
          </reporter-output>
        </test-method> <!-- streamLength -->
        <test-method signature="streamList()[pri:0, instance:DummySection14@1dde4cb2]" started-at="2023-07-11T23:32:56 IST" name="streamList" finished-at="2023-07-11T23:32:56 IST" duration-ms="6" status="PASS">
          <reporter-output>
          </reporter-output>
        </test-method> <!-- streamList -->
        <test-method signature="streamOne()[pri:0, instance:DummySection14@1dde4cb2]" started-at="2023-07-11T23:32:56 IST" name="streamOne" finished-at="2023-07-11T23:32:56 IST" duration-ms="11" status="PASS">
          <reporter-output>
          </reporter-output>
        </test-method> <!-- streamOne -->
      </class> <!-- DummySection14 -->
    </test> <!-- Test -->
  </suite> <!-- Suite -->
</testng-results>
